This is pdfTeX, Version 3.1415926-2.4-1.40.13 (TeX Live 2012) (format=pdflatex 2012.6.30)  5 AUG 2014 11:47
entering extended mode
 restricted \write18 enabled.
 file:line:error style messages enabled.
 %&-line parsing enabled.
**LaTeXpaperJLab.tex
(./LaTeXpaperJLab.tex
LaTeX2e <2011/06/27>
Babel <v3.8m> and hyphenation patterns for english, dumylang, nohyphenation, ge
rman-x-2012-05-30, ngerman-x-2012-05-30, afrikaans, ancientgreek, ibycus, arabi
c, armenian, basque, bulgarian, catalan, pinyin, coptic, croatian, czech, danis
h, dutch, ukenglish, usenglishmax, esperanto, estonian, ethiopic, farsi, finnis
h, french, friulan, galician, german, ngerman, swissgerman, monogreek, greek, h
ungarian, icelandic, assamese, bengali, gujarati, hindi, kannada, malayalam, ma
rathi, oriya, panjabi, tamil, telugu, indonesian, interlingua, irish, italian, 
kurmanji, latin, latvian, lithuanian, mongolian, mongolianlmc, bokmal, nynorsk,
 polish, portuguese, romanian, romansh, russian, sanskrit, serbian, serbianc, s
lovak, slovenian, spanish, swedish, turkish, turkmen, ukrainian, uppersorbian, 
welsh, loaded.
(/usr/local/texlive/2012/texmf-dist/tex/latex/revtex4/revtex4.cls
Document Class: revtex4 2001/08/02 v4.0 (http://publish.aps.org/revtex4/ for do
cumentation)
 Copyright (c) 2001 The American Physical Society.
 mailto:revtex@aps.org
 Licensed under the LPPL:
http://www.ctan.org/tex-archive/macros/latex/base/lppl.txt
 Arthur Ogawa <ogawa@teleport.com>
 Based on work by David Carlisle <david@dcarlisle.demon.co.uk>.
ltxutil: portions licensed from W. E. Baxter (web@superscript.com)
Class revtex4 Info: Repairing broken LateX \@sect on input line 596.
\intertabularlinepenalty=\count79
\@tbpen=\count80
\@arstrutbox@hline=\box26
Class revtex4 Info: Repairing broken LaTeX \@xbitor on input line 1610.
ltxgrid: portions licensed from W. E. Baxter (web@superscript.com)
\c@linecount=\count81
\output=\toks14
\@protection@box=\box27
\@topmark@saved=\toks15
\footins@saved=\box28
\pagesofar=\box29
\footbox=\box30
\pagegrid@col=\count82
Class revtex4 Info: Incorporating package {textcase}  [1998/11/12 v0.06 Text on
ly upper/lower case changing (DPC)]. on input line 3682.
(/usr/local/texlive/2012/texmf-dist/tex/latex/url/url.sty
\Urlmuskip=\muskip10
Package: url 2006/04/12  ver 3.3  Verb mode for urls, etc.
)
\c@affil=\count83
\absbox=\box31
\c@part=\count84
\c@section=\count85
\c@subsection=\count86
\c@subsubsection=\count87
\c@paragraph=\count88
\c@subparagraph=\count89
\abovecaptionskip=\skip41
\belowcaptionskip=\skip42
\c@figure=\count90
\c@table=\count91

(/usr/local/texlive/2012/texmf-dist/tex/latex/natbib/natbib.sty
Package: natbib 2010/09/13 8.31b (PWD, AO)
\bibhang=\skip43
\bibsep=\skip44
LaTeX Info: Redefining \cite on input line 694.
\c@NAT@ctr=\count92
)
\widetext@top=\box32
\widetext@bot=\box33

(/usr/local/texlive/2012/texmf-dist/tex/latex/revtex4/revsymb.sty
Package: revsymb 2001/08/02 v4.0 (http://publish.aps.org/revtex4/ for documenta
tion)
LaTeX Info: Redefining \REV@mathfrak on input line 118.
))
(/usr/local/texlive/2012/texmf-dist/tex/latex/revtex4/aps.rtx
File: aps.rtx 2001/08/02 v4.0 (http://publish.aps.org/revtex4/ for documentatio
n)
)
(/usr/local/texlive/2012/texmf-dist/tex/latex/revtex4/10pt.rtx
File: 10pt.rtx 2001/08/02 v4.0 (http://publish.aps.org/revtex4/ for documentati
on)
)
(/usr/local/texlive/2012/texmf-dist/tex/latex/oberdiek/epstopdf.sty
Package: epstopdf 2010/02/09 v2.5 Conversion with epstopdf on the fly (HO)

(/usr/local/texlive/2012/texmf-dist/tex/latex/oberdiek/epstopdf-base.sty
Package: epstopdf-base 2010/02/09 v2.5 Base part for package epstopdf

(/usr/local/texlive/2012/texmf-dist/tex/generic/oberdiek/infwarerr.sty
Package: infwarerr 2010/04/08 v1.3 Providing info/warning/error messages (HO)
)
(/usr/local/texlive/2012/texmf-dist/tex/latex/oberdiek/grfext.sty
Package: grfext 2010/08/19 v1.1 Manage graphics extensions (HO)

(/usr/local/texlive/2012/texmf-dist/tex/generic/oberdiek/kvdefinekeys.sty
Package: kvdefinekeys 2011/04/07 v1.3 Define keys (HO)

(/usr/local/texlive/2012/texmf-dist/tex/generic/oberdiek/ltxcmds.sty
Package: ltxcmds 2011/11/09 v1.22 LaTeX kernel commands for general use (HO)
)))
(/usr/local/texlive/2012/texmf-dist/tex/latex/oberdiek/kvoptions.sty
Package: kvoptions 2011/06/30 v3.11 Key value format for package options (HO)

(/usr/local/texlive/2012/texmf-dist/tex/latex/graphics/keyval.sty
Package: keyval 1999/03/16 v1.13 key=value parser (DPC)
\KV@toks@=\toks16
)
(/usr/local/texlive/2012/texmf-dist/tex/generic/oberdiek/kvsetkeys.sty
Package: kvsetkeys 2012/04/25 v1.16 Key value parser (HO)

(/usr/local/texlive/2012/texmf-dist/tex/generic/oberdiek/etexcmds.sty
Package: etexcmds 2011/02/16 v1.5 Avoid name clashes with e-TeX commands (HO)

(/usr/local/texlive/2012/texmf-dist/tex/generic/oberdiek/ifluatex.sty
Package: ifluatex 2010/03/01 v1.3 Provides the ifluatex switch (HO)
Package ifluatex Info: LuaTeX not detected.
)
Package etexcmds Info: Could not find \expanded.
(etexcmds)             That can mean that you are not using pdfTeX 1.50 or
(etexcmds)             that some package has redefined \expanded.
(etexcmds)             In the latter case, load this package earlier.
)))
(/usr/local/texlive/2012/texmf-dist/tex/generic/oberdiek/pdftexcmds.sty
Package: pdftexcmds 2011/11/29 v0.20 Utility functions of pdfTeX for LuaTeX (HO
)

(/usr/local/texlive/2012/texmf-dist/tex/generic/oberdiek/ifpdf.sty
Package: ifpdf 2011/01/30 v2.3 Provides the ifpdf switch (HO)
Package ifpdf Info: pdfTeX in PDF mode is detected.
)
Package pdftexcmds Info: LuaTeX not detected.
Package pdftexcmds Info: \pdf@primitive is available.
Package pdftexcmds Info: \pdf@ifprimitive is available.
Package pdftexcmds Info: \pdfdraftmode found.
)

Package epstopdf Warning: No graphics package `graphic{s,x}' loaded.

)) (/usr/local/texlive/2012/texmf-dist/tex/latex/amsmath/amsmath.sty
Package: amsmath 2000/07/18 v2.13 AMS math features
\@mathmargin=\skip45

For additional information on amsmath, use the `?' option.
(/usr/local/texlive/2012/texmf-dist/tex/latex/amsmath/amstext.sty
Package: amstext 2000/06/29 v2.01

(/usr/local/texlive/2012/texmf-dist/tex/latex/amsmath/amsgen.sty
File: amsgen.sty 1999/11/30 v2.0
\@emptytoks=\toks17
\ex@=\dimen102
))
(/usr/local/texlive/2012/texmf-dist/tex/latex/amsmath/amsbsy.sty
Package: amsbsy 1999/11/29 v1.2d
\pmbraise@=\dimen103
)
(/usr/local/texlive/2012/texmf-dist/tex/latex/amsmath/amsopn.sty
Package: amsopn 1999/12/14 v2.01 operator names
)
\inf@bad=\count93
LaTeX Info: Redefining \frac on input line 211.
\uproot@=\count94
\leftroot@=\count95
LaTeX Info: Redefining \overline on input line 307.
\classnum@=\count96
\DOTSCASE@=\count97
LaTeX Info: Redefining \ldots on input line 379.
LaTeX Info: Redefining \dots on input line 382.
LaTeX Info: Redefining \cdots on input line 467.
\Mathstrutbox@=\box34
\strutbox@=\box35
\big@size=\dimen104
LaTeX Font Info:    Redeclaring font encoding OML on input line 567.
LaTeX Font Info:    Redeclaring font encoding OMS on input line 568.
\macc@depth=\count98
\c@MaxMatrixCols=\count99
\dotsspace@=\muskip11
\c@parentequation=\count100
\dspbrk@lvl=\count101
\tag@help=\toks18
\row@=\count102
\column@=\count103
\maxfields@=\count104
\andhelp@=\toks19
\eqnshift@=\dimen105
\alignsep@=\dimen106
\tagshift@=\dimen107
\tagwidth@=\dimen108
\totwidth@=\dimen109
\lineht@=\dimen110
\@envbody=\toks20
\multlinegap=\skip46
\multlinetaggap=\skip47
\mathdisplay@stack=\toks21
LaTeX Info: Redefining \[ on input line 2666.
LaTeX Info: Redefining \] on input line 2667.
)
(/usr/local/texlive/2012/texmf-dist/tex/latex/graphics/graphicx.sty
Package: graphicx 1999/02/16 v1.0f Enhanced LaTeX Graphics (DPC,SPQR)

(/usr/local/texlive/2012/texmf-dist/tex/latex/graphics/graphics.sty
Package: graphics 2009/02/05 v1.0o Standard LaTeX Graphics (DPC,SPQR)

(/usr/local/texlive/2012/texmf-dist/tex/latex/graphics/trig.sty
Package: trig 1999/03/16 v1.09 sin cos tan (DPC)
)
(/usr/local/texlive/2012/texmf-dist/tex/latex/latexconfig/graphics.cfg
File: graphics.cfg 2010/04/23 v1.9 graphics configuration of TeX Live
)
Package graphics Info: Driver file: pdftex.def on input line 91.

(/usr/local/texlive/2012/texmf-dist/tex/latex/pdftex-def/pdftex.def
File: pdftex.def 2011/05/27 v0.06d Graphics/color for pdfTeX
\Gread@gobject=\count105
))
\Gin@req@height=\dimen111
\Gin@req@width=\dimen112
)
(./LaTeXpaperJLab.aux)
\openout1 = `LaTeXpaperJLab.aux'.

LaTeX Font Info:    Checking defaults for OML/cmm/m/it on input line 13.
LaTeX Font Info:    ... okay on input line 13.
LaTeX Font Info:    Checking defaults for T1/cmr/m/n on input line 13.
LaTeX Font Info:    ... okay on input line 13.
LaTeX Font Info:    Checking defaults for OT1/cmr/m/n on input line 13.
LaTeX Font Info:    ... okay on input line 13.
LaTeX Font Info:    Checking defaults for OMS/cmsy/m/n on input line 13.
LaTeX Font Info:    ... okay on input line 13.
LaTeX Font Info:    Checking defaults for OMX/cmex/m/n on input line 13.
LaTeX Font Info:    ... okay on input line 13.
LaTeX Font Info:    Checking defaults for U/cmr/m/n on input line 13.
LaTeX Font Info:    ... okay on input line 13.
Class revtex4 Info: Patching LaTeX tabular. on input line 13.
Class revtex4 Info: cite was not loaded (OK!) on input line 13.
Class revtex4 Info: multicol was not loaded (OK!) on input line 13.

(/usr/local/texlive/2012/texmf-dist/tex/context/base/supp-pdf.mkii
[Loading MPS to PDF converter (version 2006.09.02).]
\scratchcounter=\count106
\scratchdimen=\dimen113
\scratchbox=\box36
\nofMPsegments=\count107
\nofMParguments=\count108
\everyMPshowfont=\toks22
\MPscratchCnt=\count109
\MPscratchDim=\dimen114
\MPnumerator=\count110
\makeMPintoPDFobject=\count111
\everyMPtoPDFconversion=\toks23
) <RICHclas12.png, id=1, 427.5975pt x 458.46281pt>
File: RICHclas12.png Graphic file (type png)
 <use RICHclas12.png>
Package pdftex.def Info: RICHclas12.png used on input line 38.
(pdftex.def)             Requested size: 246.0pt x 263.75397pt.

<cherenkov.png, id=3, 371.88937pt x 370.38374pt>
File: cherenkov.png Graphic file (type png)
 <use cherenkov.png>
Package pdftex.def Info: cherenkov.png used on input line 46.
(pdftex.def)             Requested size: 221.3985pt x 220.50821pt.
 [1{/usr/local/texlive/2012/texmf-var/fonts/map/pdftex/updmap/pdftex.map}]

LaTeX Warning: A float is stuck (cannot be placed); try class option [floatfix]
 on input line 66.

<dynodestructure.jpg, id=20, 761.84625pt x 525.46312pt>
File: dynodestructure.jpg Graphic file (type jpg)

<use dynodestructure.jpg>
Package pdftex.def Info: dynodestructure.jpg used on input line 74.
(pdftex.def)             Requested size: 246.0pt x 169.667pt.
 <blackbox.png, id=21, 830.35219pt x 549.55313pt>
File: blackbox.png Graphic file (type png)

<use blackbox.png>
Package pdftex.def Info: blackbox.png used on input line 85.
(pdftex.def)             Requested size: 510.0pt x 337.53293pt.
 <schematic.png, id=22, 508.14844pt x 161.85469pt>
File: schematic.png Graphic file (type png)

<use schematic.png>
Package pdftex.def Info: schematic.png used on input line 91.
(pdftex.def)             Requested size: 246.0pt x 78.35617pt.

Underfull \hbox (badness 1275) in paragraph at lines 89--97
\OT1/cmr/m/n/10 within Hama-matsu's sug-gested range (-1000, -1050,
 []

[2 <./RICHclas12.png> <./cherenkov.png> <./dynodestructure.jpg>]
<comparison2.png, id=27, 993.7125pt x 769.37437pt>
File: comparison2.png Graphic file (type png)
 <use comparison2.png>
Package pdftex.def Info: comparison2.png used on input line 101.
(pdftex.def)             Requested size: 510.0pt x 394.86455pt.

[3 <./blackbox.png> <./schematic.png>]
Underfull \hbox (badness 2961) in paragraph at lines 121--125
[]\OT1/cmr/m/n/10 Pavel's fit-ting code was im-ple-mented us-ing the
 []

[4 <./comparison2.png>]
Underfull \hbox (badness 1152) in paragraph at lines 128--129
\OT1/cmr/m/n/10 and pro-duce plots of the fit pa-ram-e-ters for vi-sual
 []

<software.png, id=37, 444.91219pt x 483.30562pt>
File: software.png Graphic file (type png)
 <use software.png>
Package pdftex.def Info: software.png used on input line 131.
(pdftex.def)             Requested size: 196.80075pt x 213.78345pt.

Underfull \hbox (badness 1048) in paragraph at lines 139--142
[]\OT1/cmr/m/n/10 Principally the $\OML/cmm/m/it/10 pmtrun$ \OT1/cmr/m/n/10 scr
ipt al-lows the user to
 []

<newreport_1101.pdf, id=38, page=1, 569.12625pt x 385.44pt>
File: newreport_1101.pdf Graphic file (type pdf)

<use newreport_1101.pdf, page 1>
Package pdftex.def Info: newreport_1101.pdf, page1 used on input line 145.
(pdftex.def)             Requested size: 246.0pt x 166.6064pt.

<hamamatsu.pdf, id=39, page=2, 569.12625pt x 385.44pt>
File: hamamatsu.pdf Graphic file (type pdf)

<use hamamatsu.pdf, page 2>
Package pdftex.def Info: hamamatsu.pdf, page2 used on input line 150.
(pdftex.def)             Requested size: 246.0pt x 166.6064pt.

<hamamatsu.pdf, id=40, page=3, 569.12625pt x 385.44pt>
File: hamamatsu.pdf Graphic file (type pdf)

<use hamamatsu.pdf, page 3>
Package pdftex.def Info: hamamatsu.pdf, page3 used on input line 155.
(pdftex.def)             Requested size: 246.0pt x 166.6064pt.

<hamamatsu.pdf, id=41, page=4, 569.12625pt x 385.44pt>
File: hamamatsu.pdf Graphic file (type pdf)

<use hamamatsu.pdf, page 4>
Package pdftex.def Info: hamamatsu.pdf, page4 used on input line 160.
(pdftex.def)             Requested size: 246.0pt x 166.6064pt.

<hamamatsu.pdf, id=42, page=7, 569.12625pt x 385.44pt>
File: hamamatsu.pdf Graphic file (type pdf)

<use hamamatsu.pdf, page 7>
Package pdftex.def Info: hamamatsu.pdf, page7 used on input line 165.
(pdftex.def)             Requested size: 246.0pt x 166.6064pt.

Underfull \hbox (badness 1226) in paragraph at lines 170--179
[]\OT1/cmr/m/n/10 These are all of the im-por-tant new ROOT and
 []

[5 <./software.png>]

LaTeX Warning: A float is stuck (cannot be placed); try class option [floatfix]
 on input line 179.

[6 <./newreport_1101.pdf, page is rotated 90 degrees> <./hamamatsu.pdf, page is
 rotated 90 degrees> <./hamamatsu.pdf, page is rotated 90 degrees> <./hamamatsu
.pdf, page is rotated 90 degrees> <./hamamatsu.pdf, page is rotated 90 degrees>
]
LaTeX Font Info:    Try loading font information for OMS+cmr on input line 184.

 (/usr/local/texlive/2012/texmf-dist/tex/latex/base/omscmr.fd
File: omscmr.fd 1999/05/25 v2.5h Standard LaTeX font definitions
)
LaTeX Font Info:    Font shape `OMS/cmr/m/n' in size <10> not available
(Font)              Font shape `OMS/cmsy/m/n' tried instead on input line 184.

Underfull \hbox (badness 1616) in paragraph at lines 185--186
 []| \OT1/cmr/m/n/10 Among other au-to-matic things this takes
 []


Underfull \hbox (badness 8113) in paragraph at lines 185--186
 \OT1/cmr/m/n/10 nor-mal mea-sure-ments with the de-
 []


Underfull \hbox (badness 1418) in paragraph at lines 189--190
 \OT1/cmr/m/n/10 file. This would be en-tered on the
 []

<highmu.png, id=138, 462.97969pt x 331.2375pt>
File: highmu.png Graphic file (type png)
 <use highmu.png>
Package pdftex.def Info: highmu.png used on input line 197.
(pdftex.def)             Requested size: 229.49844pt x 164.19302pt.

<highefficiency.png, id=139, 462.97969pt x 331.2375pt>
File: highefficiency.png Graphic file (type png)

<use highefficiency.png>
Package pdftex.def Info: highefficiency.png used on input line 197.
(pdftex.def)             Requested size: 229.49844pt x 164.19302pt.
 <lowmu.png, id=140, 462.97969pt x 331.2375pt>
File: lowmu.png Graphic file (type png)

<use lowmu.png>
Package pdftex.def Info: lowmu.png used on input line 200.
(pdftex.def)             Requested size: 229.49844pt x 164.19302pt.
 <lowefficiency.png, id=141, 462.97969pt x 331.2375pt>
File: lowefficiency.png Graphic file (type png)

<use lowefficiency.png>
Package pdftex.def Info: lowefficiency.png used on input line 201.
(pdftex.def)             Requested size: 229.49844pt x 164.19302pt.
 [7] [8 <./highmu.png> <./highefficiency.png> <./lowmu.png> <./lowefficiency.pn
g>] [9] (./LaTeXpaperJLab.aux) ) 
Here is how much of TeX's memory you used:
 3703 strings out of 493488
 48739 string characters out of 3141326
 128811 words of memory out of 3000000
 6971 multiletter control sequences out of 15000+200000
 7627 words of font info for 28 fonts, out of 3000000 for 9000
 957 hyphenation exceptions out of 8191
 42i,6n,27p,2403b,319s stack positions out of 5000i,500n,10000p,200000b,50000s
</usr/local/texlive/2012/texmf-dist/fonts/type1
/public/amsfonts/cm/cmbx12.pfb></usr/local/texlive/2012/texmf-dist/fonts/type1/
public/amsfonts/cm/cmbx9.pfb></usr/local/texlive/2012/texmf-dist/fonts/type1/pu
blic/amsfonts/cm/cmex10.pfb></usr/local/texlive/2012/texmf-dist/fonts/type1/pub
lic/amsfonts/cm/cmmi10.pfb></usr/local/texlive/2012/texmf-dist/fonts/type1/publ
ic/amsfonts/cm/cmmi6.pfb></usr/local/texlive/2012/texmf-dist/fonts/type1/public
/amsfonts/cm/cmmi7.pfb></usr/local/texlive/2012/texmf-dist/fonts/type1/public/a
msfonts/cm/cmmi9.pfb></usr/local/texlive/2012/texmf-dist/fonts/type1/public/ams
fonts/cm/cmr10.pfb></usr/local/texlive/2012/texmf-dist/fonts/type1/public/amsfo
nts/cm/cmr6.pfb></usr/local/texlive/2012/texmf-dist/fonts/type1/public/amsfonts
/cm/cmr7.pfb></usr/local/texlive/2012/texmf-dist/fonts/type1/public/amsfonts/cm
/cmr9.pfb></usr/local/texlive/2012/texmf-dist/fonts/type1/public/amsfonts/cm/cm
sy10.pfb></usr/local/texlive/2012/texmf-dist/fonts/type1/public/amsfonts/cm/cms
y7.pfb></usr/local/texlive/2012/texmf-dist/fonts/type1/public/amsfonts/cm/cmsy9
.pfb></usr/local/texlive/2012/texmf-dist/fonts/type1/public/amsfonts/cm/cmti9.p
fb>
Output written on LaTeXpaperJLab.pdf (9 pages, 3074597 bytes).
PDF statistics:
 205 PDF objects out of 1000 (max. 8388607)
 104 compressed objects within 2 object streams
 0 named destinations out of 1000 (max. 500000)
 81 words of extra memory for PDF output out of 10000 (max. 10000000)

